-------------------------------------------------------------------------------
Test set: TestSuite
-------------------------------------------------------------------------------
Tests run: 3, Failures: 1, Errors: 0, Skipped: 0, Time elapsed: 19.436 s <<< FAILURE! - in TestSuite
AllTests.HomePageToBingo  Time elapsed: 6.289 s  <<< FAILURE!
java.lang.AssertionError: expected [true] but found [false]
	at AllTests.HomePageToBingo(AllTests.java:42)

